<?xml version="1.0" encoding="UTF-8"?>
<testng-results ignored="0" total="2" passed="2" failed="0" skipped="0">
  <reporter-output>
  </reporter-output>
  <suite started-at="2024-10-10T10:50:43 IST" name="Default suite" finished-at="2024-10-10T10:50:49 IST" duration-ms="5717">
    <groups>
    </groups>
    <test started-at="2024-10-10T10:50:43 IST" name="Default test" finished-at="2024-10-10T10:50:49 IST" duration-ms="5717">
      <class name="com.systima.medbot.testcases.LoginPageTest">
        <test-method is-config="true" signature="setUpExtentReports()[pri:0, instance:com.systima.medbot.testcases.LoginPageTest@343570b7]" started-at="2024-10-10T10:50:43 IST" name="setUpExtentReports" finished-at="2024-10-10T10:50:43 IST" duration-ms="169" status="PASS">
          <reporter-output>
          </reporter-output>
        </test-method> <!-- setUpExtentReports -->
        <test-method is-config="true" signature="setUp()[pri:0, instance:com.systima.medbot.testcases.LoginPageTest@343570b7]" started-at="2024-10-10T10:50:43 IST" name="setUp" finished-at="2024-10-10T10:50:46 IST" duration-ms="2862" status="PASS">
          <reporter-output>
          </reporter-output>
        </test-method> <!-- setUp -->
        <test-method signature="medbotlogin(java.lang.String,java.lang.String)[pri:0, instance:com.systima.medbot.testcases.LoginPageTest@343570b7]" started-at="2024-10-10T10:50:46 IST" name="medbotlogin" data-provider="loginData" finished-at="2024-10-10T10:50:46 IST" duration-ms="195" status="PASS">
          <params>
            <param index="0">
              <value>
                <![CDATA[suriyadoctor@yopmail.com]]>
              </value>
            </param>
            <param index="1">
              <value>
                <![CDATA[medbot123]]>
              </value>
            </param>
          </params>
          <reporter-output>
          </reporter-output>
        </test-method> <!-- medbotlogin -->
        <test-method is-config="true" signature="tearDown(org.testng.ITestResult)[pri:0, instance:com.systima.medbot.testcases.LoginPageTest@343570b7]" started-at="2024-10-10T10:50:46 IST" name="tearDown" finished-at="2024-10-10T10:50:46 IST" duration-ms="86" status="PASS">
          <params>
            <param index="0">
              <value>
                <![CDATA[[TestResult name=medbotlogin status=SUCCESS method=LoginPageTest.medbotlogin(java.lang.String,java.lang.String)[pri:0, instance:com.systima.medbot.testcases.LoginPageTest@343570b7] output={null}]]]>
              </value>
            </param>
          </params>
          <reporter-output>
          </reporter-output>
        </test-method> <!-- tearDown -->
        <test-method is-config="true" signature="setUp()[pri:0, instance:com.systima.medbot.testcases.LoginPageTest@343570b7]" started-at="2024-10-10T10:50:46 IST" name="setUp" finished-at="2024-10-10T10:50:48 IST" duration-ms="1922" status="PASS">
          <reporter-output>
          </reporter-output>
        </test-method> <!-- setUp -->
        <test-method signature="medbotlogin(java.lang.String,java.lang.String)[pri:0, instance:com.systima.medbot.testcases.LoginPageTest@343570b7]" started-at="2024-10-10T10:50:48 IST" name="medbotlogin" data-provider="loginData" finished-at="2024-10-10T10:50:48 IST" duration-ms="132" status="PASS">
          <params>
            <param index="0">
              <value>
                <![CDATA[]]>
              </value>
            </param>
            <param index="1">
              <value>
                <![CDATA[]]>
              </value>
            </param>
          </params>
          <reporter-output>
          </reporter-output>
        </test-method> <!-- medbotlogin -->
        <test-method is-config="true" signature="tearDown(org.testng.ITestResult)[pri:0, instance:com.systima.medbot.testcases.LoginPageTest@343570b7]" started-at="2024-10-10T10:50:48 IST" name="tearDown" finished-at="2024-10-10T10:50:49 IST" duration-ms="81" status="PASS">
          <params>
            <param index="0">
              <value>
                <![CDATA[[TestResult name=medbotlogin status=SUCCESS method=LoginPageTest.medbotlogin(java.lang.String,java.lang.String)[pri:0, instance:com.systima.medbot.testcases.LoginPageTest@343570b7] output={null}]]]>
              </value>
            </param>
          </params>
          <reporter-output>
          </reporter-output>
        </test-method> <!-- tearDown -->
        <test-method is-config="true" signature="setEndReport()[pri:0, instance:com.systima.medbot.testcases.LoginPageTest@343570b7]" started-at="2024-10-10T10:50:49 IST" name="setEndReport" finished-at="2024-10-10T10:50:49 IST" duration-ms="144" status="PASS">
          <reporter-output>
          </reporter-output>
        </test-method> <!-- setEndReport -->
      </class> <!-- com.systima.medbot.testcases.LoginPageTest -->
    </test> <!-- Default test -->
  </suite> <!-- Default suite -->
</testng-results>
